<?xml version="1.0" encoding="UTF-8"?>
<testsuite xmlns:xsi="http://www.w3.org/2001/XMLSchema-instance" xsi:noNamespaceSchemaLocation="https://maven.apache.org/surefire/maven-surefire-plugin/xsd/surefire-test-report-3.0.xsd" version="3.0" name="com.my.company.builderpattern.example3.BuilderPatternTests" time="0.05" tests="2" errors="0" skipped="0" failures="0">
  <properties>
[...]
</properties>
  <testcase name="test1" classname="com.my.company.builderpattern.example3.BuilderPatternTests" time="0.031">
    <system-out><![CDATA[ConcreteHouseBuilder: Foundation complete...
ConcreteHouseBuilder: Structure complete...
ConcreteHouseBuilder: Roof complete...
ConcreteHouseBuilder: Painting complete...
ConcreteHouseBuilder: Furnishing complete...
ConcreteHouseBuilder: Concrete house complete...
]]></system-out>
  </testcase>
  <testcase name="test2" classname="com.my.company.builderpattern.example3.BuilderPatternTests" time="0.001">
    <system-out><![CDATA[PrefabricatedHouseBuilder: Foundation complete...
PrefabricatedHouseBuilder: Structure complete...
PrefabricatedHouseBuilder: Roof complete...
PrefabricatedHouseBuilder: Painting not required...
PrefabricatedHouseBuilder: Furnishing complete...
PrefabricatedHouseBuilder: Prefabricated house complete...
]]></system-out>
  </testcase>
</testsuite>