<?xml version="1.0" encoding="UTF-8"?>
<testsuite xmlns:xsi="http://www.w3.org/2001/XMLSchema-instance" xsi:noNamespaceSchemaLocation="https://maven.apache.org/surefire/maven-surefire-plugin/xsd/surefire-test-report-3.0.xsd" version="3.0" name="com.my.company.sorting.algorithms.BubbleSortTests" time="0.007" tests="6" errors="0" skipped="0" failures="0">
  <properties>
[...]
</properties>
  <testcase name="test_01" classname="com.my.company.sorting.algorithms.BubbleSortTests" time="0.001"/>
  <testcase name="test_02" classname="com.my.company.sorting.algorithms.BubbleSortTests" time="0.0"/>
  <testcase name="test_03" classname="com.my.company.sorting.algorithms.BubbleSortTests" time="0.001"/>
  <testcase name="test_04" classname="com.my.company.sorting.algorithms.BubbleSortTests" time="0.001"/>
  <testcase name="test_05" classname="com.my.company.sorting.algorithms.BubbleSortTests" time="0.001"/>
  <testcase name="test_06" classname="com.my.company.sorting.algorithms.BubbleSortTests" time="0.001"/>
</testsuite>