<?xml version="1.0" encoding="UTF-8"?>
<testsuite xmlns:xsi="http://www.w3.org/2001/XMLSchema-instance" xsi:noNamespaceSchemaLocation="https://maven.apache.org/surefire/maven-surefire-plugin/xsd/surefire-test-report-3.0.xsd" version="3.0" name="com.example.google_calendar_client.GoogleCalendarClientApplicationTests" time="1.762" tests="1" errors="0" skipped="0" failures="0">
  <properties>
[...]
</properties>
  <testcase name="contextLoads" classname="com.example.google_calendar_client.GoogleCalendarClientApplicationTests" time="0.69">
    <system-out><![CDATA[11:59:28.231 [main] INFO org.springframework.test.context.support.AnnotationConfigContextLoaderUtils -- Could not detect default configuration classes for test class [com.example.google_calendar_client.GoogleCalendarClientApplicationTests]: GoogleCalendarClientApplicationTests does not declare any static, non-private, non-final, nested classes annotated with @Configuration.
11:59:28.326 [main] INFO org.springframework.boot.test.context.SpringBootTestContextBootstrapper -- Found @SpringBootConfiguration com.example.google_calendar_client.GoogleCalendarClientApplication for test class com.example.google_calendar_client.GoogleCalendarClientApplicationTests

  .   ____          _            __ _ _
 /\\ / ___'_ __ _ _(_)_ __  __ _ \ \ \ \
( ( )\___ | '_ | '_| | '_ \/ _` | \ \ \ \
 \\/  ___)| |_)| | | | | || (_| |  ) ) ) )
  '  |____| .__|_| |_|_| |_\__, | / / / /
 =========|_|==============|___/=/_/_/_/

 :: Spring Boot ::                (v3.3.3)

2024-09-19T11:59:28.634-04:00  INFO 3262658 --- [google-calendar-client] [           main] e.g.GoogleCalendarClientApplicationTests : Starting GoogleCalendarClientApplicationTests using Java 21.0.3 with PID 3262658 (started by explorer436 in /home/explorer436/Downloads/GitRepositories/programming-playground/java-playground/my-calendar-utilities/google-calendar-client)
2024-09-19T11:59:28.635-04:00  INFO 3262658 --- [google-calendar-client] [           main] e.g.GoogleCalendarClientApplicationTests : No active profile set, falling back to 1 default profile: "default"
2024-09-19T11:59:29.129-04:00  INFO 3262658 --- [google-calendar-client] [           main] e.g.GoogleCalendarClientApplicationTests : Started GoogleCalendarClientApplicationTests in 0.71 seconds (process running for 1.474)
]]></system-out>
    <system-err><![CDATA[WARNING: A Java agent has been loaded dynamically (/home/explorer436/.m2/repository/net/bytebuddy/byte-buddy-agent/1.14.19/byte-buddy-agent-1.14.19.jar)
WARNING: If a serviceability tool is in use, please run with -XX:+EnableDynamicAgentLoading to hide this warning
WARNING: If a serviceability tool is not in use, please run with -Djdk.instrument.traceUsage for more information
WARNING: Dynamic loading of agents will be disallowed by default in a future release
]]></system-err>
  </testcase>
</testsuite>