<?xml version="1.0" encoding="UTF-8"?>
<testsuite xmlns:xsi="http://www.w3.org/2001/XMLSchema-instance" xsi:noNamespaceSchemaLocation="https://maven.apache.org/surefire/maven-surefire-plugin/xsd/surefire-test-report-3.0.xsd" version="3.0" name="com.my.company.StaticUtilsTests" time="0.844" tests="2" errors="0" skipped="0" failures="0">
  <properties>
[...]
</properties>
  <testcase name="givenStaticMethodWithArgs_whenMocked_thenReturnsMockSuccessfully" classname="com.my.company.StaticUtilsTests" time="0.817">
    <system-err><![CDATA[WARNING: A Java agent has been loaded dynamically (/home/explorer436/.m2/repository/net/bytebuddy/byte-buddy-agent/1.14.15/byte-buddy-agent-1.14.15.jar)
WARNING: If a serviceability tool is in use, please run with -XX:+EnableDynamicAgentLoading to hide this warning
WARNING: If a serviceability tool is not in use, please run with -Djdk.instrument.traceUsage for more information
WARNING: Dynamic loading of agents will be disallowed by default in a future release
]]></system-err>
  </testcase>
  <testcase name="givenStaticMethodWithNoArgs_whenMocked_thenReturnsMockSuccessfully" classname="com.my.company.StaticUtilsTests" time="0.004"/>
</testsuite>