<?xml version="1.0" encoding="UTF-8"?>
<testsuite xmlns:xsi="http://www.w3.org/2001/XMLSchema-instance" xsi:noNamespaceSchemaLocation="https://maven.apache.org/surefire/maven-surefire-plugin/xsd/surefire-test-report-3.0.xsd" version="3.0" name="com.my.company.lfu_cache_implementation.TestLFUCache" time="0.039" tests="2" errors="0" skipped="0" failures="0">
  <properties>
[...]
</properties>
  <testcase name="testLFUCache1" classname="com.my.company.lfu_cache_implementation.TestLFUCache" time="0.018"/>
  <testcase name="testLFUCache2" classname="com.my.company.lfu_cache_implementation.TestLFUCache" time="0.001"/>
</testsuite>